2025-03-03T12:45:36.384+05:30  INFO 2324 --- [AddressBook] [restartedMain] c.t.addressbook.AddressBookApplication   : Starting AddressBookApplication using Java 21.0.6 with PID 2324 (C:\Users\rajgu\OneDrive\Desktop\AddressBook\target\classes started by rajgu in C:\Users\rajgu\OneDrive\Desktop\AddressBook)
2025-03-03T12:45:36.386+05:30 DEBUG 2324 --- [AddressBook] [restartedMain] c.t.addressbook.AddressBookApplication   : Running with Spring Boot v3.2.2, Spring v6.1.3
2025-03-03T12:45:36.386+05:30  INFO 2324 --- [AddressBook] [restartedMain] c.t.addressbook.AddressBookApplication   : No active profile set, falling back to 1 default profile: "default"
2025-03-03T12:45:36.445+05:30  INFO 2324 --- [AddressBook] [restartedMain] .e.DevToolsPropertyDefaultsPostProcessor : Devtools property defaults active! Set 'spring.devtools.add-properties' to 'false' to disable
2025-03-03T12:45:36.445+05:30  INFO 2324 --- [AddressBook] [restartedMain] .e.DevToolsPropertyDefaultsPostProcessor : For additional web related logging consider setting the 'logging.level.web' property to 'DEBUG'
2025-03-03T12:45:37.087+05:30  INFO 2324 --- [AddressBook] [restartedMain] .s.d.r.c.RepositoryConfigurationDelegate : Bootstrapping Spring Data JPA repositories in DEFAULT mode.
2025-03-03T12:45:37.108+05:30  INFO 2324 --- [AddressBook] [restartedMain] .s.d.r.c.RepositoryConfigurationDelegate : Finished Spring Data repository scanning in 12 ms. Found 0 JPA repository interfaces.
2025-03-03T12:45:37.652+05:30  INFO 2324 --- [AddressBook] [restartedMain] o.s.b.w.embedded.tomcat.TomcatWebServer  : Tomcat initialized with port 8080 (http)
2025-03-03T12:45:37.664+05:30  INFO 2324 --- [AddressBook] [restartedMain] o.apache.catalina.core.StandardService   : Starting service [Tomcat]
2025-03-03T12:45:37.664+05:30  INFO 2324 --- [AddressBook] [restartedMain] o.apache.catalina.core.StandardEngine    : Starting Servlet engine: [Apache Tomcat/10.1.18]
2025-03-03T12:45:37.709+05:30  INFO 2324 --- [AddressBook] [restartedMain] o.a.c.c.C.[Tomcat].[localhost].[/]       : Initializing Spring embedded WebApplicationContext
2025-03-03T12:45:37.709+05:30  INFO 2324 --- [AddressBook] [restartedMain] w.s.c.ServletWebServerApplicationContext : Root WebApplicationContext: initialization completed in 1263 ms
2025-03-03T12:45:37.739+05:30  INFO 2324 --- [AddressBook] [restartedMain] com.zaxxer.hikari.HikariDataSource       : HikariPool-1 - Starting...
2025-03-03T12:45:37.877+05:30  INFO 2324 --- [AddressBook] [restartedMain] com.zaxxer.hikari.pool.HikariPool        : HikariPool-1 - Added connection conn0: url=jdbc:h2:mem:addressbookdb user=ADITYA07
2025-03-03T12:45:37.879+05:30  INFO 2324 --- [AddressBook] [restartedMain] com.zaxxer.hikari.HikariDataSource       : HikariPool-1 - Start completed.
2025-03-03T12:45:37.888+05:30  INFO 2324 --- [AddressBook] [restartedMain] o.s.b.a.h2.H2ConsoleAutoConfiguration    : H2 console available at '/h2-console'. Database available at 'jdbc:h2:mem:addressbookdb'
2025-03-03T12:45:38.048+05:30  INFO 2324 --- [AddressBook] [restartedMain] o.hibernate.jpa.internal.util.LogHelper  : HHH000204: Processing PersistenceUnitInfo [name: default]
2025-03-03T12:45:38.107+05:30  INFO 2324 --- [AddressBook] [restartedMain] org.hibernate.Version                    : HHH000412: Hibernate ORM core version 6.4.1.Final
2025-03-03T12:45:38.151+05:30  INFO 2324 --- [AddressBook] [restartedMain] o.h.c.internal.RegionFactoryInitiator    : HHH000026: Second-level cache disabled
2025-03-03T12:45:38.395+05:30  INFO 2324 --- [AddressBook] [restartedMain] o.s.o.j.p.SpringPersistenceUnitInfo      : No LoadTimeWeaver setup: ignoring JPA class transformer
2025-03-03T12:45:38.439+05:30  WARN 2324 --- [AddressBook] [restartedMain] org.hibernate.orm.deprecation            : HHH90000025: H2Dialect does not need to be specified explicitly using 'hibernate.dialect' (remove the property setting and it will be selected by default)
2025-03-03T12:45:38.742+05:30  INFO 2324 --- [AddressBook] [restartedMain] o.h.e.t.j.p.i.JtaPlatformInitiator       : HHH000489: No JTA platform available (set 'hibernate.transaction.jta.platform' to enable JTA platform integration)
2025-03-03T12:45:38.746+05:30  INFO 2324 --- [AddressBook] [restartedMain] j.LocalContainerEntityManagerFactoryBean : Initialized JPA EntityManagerFactory for persistence unit 'default'
2025-03-03T12:45:38.816+05:30  WARN 2324 --- [AddressBook] [restartedMain] JpaBaseConfiguration$JpaWebConfiguration : spring.jpa.open-in-view is enabled by default. Therefore, database queries may be performed during view rendering. Explicitly configure spring.jpa.open-in-view to disable this warning
2025-03-03T12:45:39.158+05:30  INFO 2324 --- [AddressBook] [restartedMain] o.s.b.d.a.OptionalLiveReloadServer       : LiveReload server is running on port 35729
2025-03-03T12:45:39.188+05:30  INFO 2324 --- [AddressBook] [restartedMain] o.s.b.w.embedded.tomcat.TomcatWebServer  : Tomcat started on port 8080 (http) with context path ''
2025-03-03T12:45:39.197+05:30  INFO 2324 --- [AddressBook] [restartedMain] c.t.addressbook.AddressBookApplication   : Started AddressBookApplication in 3.245 seconds (process running for 3.688)
2025-03-03T12:46:42.422+05:30  INFO 2324 --- [AddressBook] [http-nio-8080-exec-2] o.a.c.c.C.[Tomcat].[localhost].[/]       : Initializing Spring DispatcherServlet 'dispatcherServlet'
2025-03-03T12:46:42.423+05:30  INFO 2324 --- [AddressBook] [http-nio-8080-exec-2] o.s.web.servlet.DispatcherServlet        : Initializing Servlet 'dispatcherServlet'
2025-03-03T12:46:42.424+05:30  INFO 2324 --- [AddressBook] [http-nio-8080-exec-2] o.s.web.servlet.DispatcherServlet        : Completed initialization in 1 ms
2025-03-03T12:46:54.816+05:30  INFO 2324 --- [AddressBook] [SpringApplicationShutdownHook] j.LocalContainerEntityManagerFactoryBean : Closing JPA EntityManagerFactory for persistence unit 'default'
2025-03-03T12:46:54.823+05:30  WARN 2324 --- [AddressBook] [SpringApplicationShutdownHook] o.s.b.f.support.DisposableBeanAdapter    : Invocation of destroy method failed on bean with name 'inMemoryDatabaseShutdownExecutor': org.h2.jdbc.JdbcSQLNonTransientConnectionException: Database is already closed (to disable automatic closing at VM shutdown, add ";DB_CLOSE_ON_EXIT=FALSE" to the db URL) [90121-224]
2025-03-03T12:46:54.824+05:30  INFO 2324 --- [AddressBook] [SpringApplicationShutdownHook] com.zaxxer.hikari.HikariDataSource       : HikariPool-1 - Shutdown initiated...
2025-03-03T12:46:54.826+05:30  INFO 2324 --- [AddressBook] [SpringApplicationShutdownHook] com.zaxxer.hikari.HikariDataSource       : HikariPool-1 - Shutdown completed.
2025-03-03T12:56:43.115+05:30  INFO 29636 --- [AddressBook] [restartedMain] c.t.addressbook.AddressBookApplication   : Starting AddressBookApplication using Java 21.0.6 with PID 29636 (C:\Users\rajgu\OneDrive\Desktop\AddressBook\target\classes started by rajgu in C:\Users\rajgu\OneDrive\Desktop\AddressBook)
2025-03-03T12:56:43.116+05:30 DEBUG 29636 --- [AddressBook] [restartedMain] c.t.addressbook.AddressBookApplication   : Running with Spring Boot v3.2.2, Spring v6.1.3
2025-03-03T12:56:43.117+05:30  INFO 29636 --- [AddressBook] [restartedMain] c.t.addressbook.AddressBookApplication   : The following 1 profile is active: "dev"
2025-03-03T12:56:43.176+05:30  INFO 29636 --- [AddressBook] [restartedMain] .e.DevToolsPropertyDefaultsPostProcessor : Devtools property defaults active! Set 'spring.devtools.add-properties' to 'false' to disable
2025-03-03T12:56:43.176+05:30  INFO 29636 --- [AddressBook] [restartedMain] .e.DevToolsPropertyDefaultsPostProcessor : For additional web related logging consider setting the 'logging.level.web' property to 'DEBUG'
2025-03-03T12:56:43.837+05:30  INFO 29636 --- [AddressBook] [restartedMain] .s.d.r.c.RepositoryConfigurationDelegate : Bootstrapping Spring Data JPA repositories in DEFAULT mode.
2025-03-03T12:56:43.860+05:30  INFO 29636 --- [AddressBook] [restartedMain] .s.d.r.c.RepositoryConfigurationDelegate : Finished Spring Data repository scanning in 14 ms. Found 0 JPA repository interfaces.
2025-03-03T12:56:44.630+05:30  INFO 29636 --- [AddressBook] [restartedMain] o.s.b.w.embedded.tomcat.TomcatWebServer  : Tomcat initialized with port 8081 (http)
2025-03-03T12:56:44.645+05:30  INFO 29636 --- [AddressBook] [restartedMain] o.apache.catalina.core.StandardService   : Starting service [Tomcat]
2025-03-03T12:56:44.645+05:30  INFO 29636 --- [AddressBook] [restartedMain] o.apache.catalina.core.StandardEngine    : Starting Servlet engine: [Apache Tomcat/10.1.18]
2025-03-03T12:56:44.705+05:30  INFO 29636 --- [AddressBook] [restartedMain] o.a.c.c.C.[Tomcat].[localhost].[/]       : Initializing Spring embedded WebApplicationContext
2025-03-03T12:56:44.706+05:30  INFO 29636 --- [AddressBook] [restartedMain] w.s.c.ServletWebServerApplicationContext : Root WebApplicationContext: initialization completed in 1528 ms
2025-03-03T12:56:44.735+05:30  INFO 29636 --- [AddressBook] [restartedMain] com.zaxxer.hikari.HikariDataSource       : HikariPool-1 - Starting...
2025-03-03T12:56:44.942+05:30  INFO 29636 --- [AddressBook] [restartedMain] com.zaxxer.hikari.pool.HikariPool        : HikariPool-1 - Added connection conn0: url=jdbc:h2:mem:addressbookdb user=ADITYA07
2025-03-03T12:56:44.943+05:30  INFO 29636 --- [AddressBook] [restartedMain] com.zaxxer.hikari.HikariDataSource       : HikariPool-1 - Start completed.
2025-03-03T12:56:44.952+05:30  INFO 29636 --- [AddressBook] [restartedMain] o.s.b.a.h2.H2ConsoleAutoConfiguration    : H2 console available at '/h2-console'. Database available at 'jdbc:h2:mem:addressbookdb'
2025-03-03T12:56:45.111+05:30  INFO 29636 --- [AddressBook] [restartedMain] o.hibernate.jpa.internal.util.LogHelper  : HHH000204: Processing PersistenceUnitInfo [name: default]
2025-03-03T12:56:45.193+05:30  INFO 29636 --- [AddressBook] [restartedMain] org.hibernate.Version                    : HHH000412: Hibernate ORM core version 6.4.1.Final
2025-03-03T12:56:45.238+05:30  INFO 29636 --- [AddressBook] [restartedMain] o.h.c.internal.RegionFactoryInitiator    : HHH000026: Second-level cache disabled
2025-03-03T12:56:45.471+05:30  INFO 29636 --- [AddressBook] [restartedMain] o.s.o.j.p.SpringPersistenceUnitInfo      : No LoadTimeWeaver setup: ignoring JPA class transformer
2025-03-03T12:56:45.526+05:30  WARN 29636 --- [AddressBook] [restartedMain] org.hibernate.orm.deprecation            : HHH90000025: H2Dialect does not need to be specified explicitly using 'hibernate.dialect' (remove the property setting and it will be selected by default)
2025-03-03T12:56:45.835+05:30  INFO 29636 --- [AddressBook] [restartedMain] o.h.e.t.j.p.i.JtaPlatformInitiator       : HHH000489: No JTA platform available (set 'hibernate.transaction.jta.platform' to enable JTA platform integration)
2025-03-03T12:56:45.840+05:30  INFO 29636 --- [AddressBook] [restartedMain] j.LocalContainerEntityManagerFactoryBean : Initialized JPA EntityManagerFactory for persistence unit 'default'
2025-03-03T12:56:45.895+05:30  WARN 29636 --- [AddressBook] [restartedMain] JpaBaseConfiguration$JpaWebConfiguration : spring.jpa.open-in-view is enabled by default. Therefore, database queries may be performed during view rendering. Explicitly configure spring.jpa.open-in-view to disable this warning
2025-03-03T12:56:46.281+05:30  INFO 29636 --- [AddressBook] [restartedMain] o.s.b.d.a.OptionalLiveReloadServer       : LiveReload server is running on port 35729
2025-03-03T12:56:46.314+05:30  INFO 29636 --- [AddressBook] [restartedMain] o.s.b.w.embedded.tomcat.TomcatWebServer  : Tomcat started on port 8081 (http) with context path ''
2025-03-03T12:56:46.323+05:30  INFO 29636 --- [AddressBook] [restartedMain] c.t.addressbook.AddressBookApplication   : Started AddressBookApplication in 3.672 seconds (process running for 4.219)
2025-03-03T12:57:10.401+05:30  INFO 29636 --- [AddressBook] [http-nio-8081-exec-1] o.a.c.c.C.[Tomcat].[localhost].[/]       : Initializing Spring DispatcherServlet 'dispatcherServlet'
2025-03-03T12:57:10.401+05:30  INFO 29636 --- [AddressBook] [http-nio-8081-exec-1] o.s.web.servlet.DispatcherServlet        : Initializing Servlet 'dispatcherServlet'
2025-03-03T12:57:10.403+05:30  INFO 29636 --- [AddressBook] [http-nio-8081-exec-1] o.s.web.servlet.DispatcherServlet        : Completed initialization in 1 ms
2025-03-03T12:57:29.421+05:30  INFO 29636 --- [AddressBook] [SpringApplicationShutdownHook] j.LocalContainerEntityManagerFactoryBean : Closing JPA EntityManagerFactory for persistence unit 'default'
2025-03-03T12:57:29.428+05:30  WARN 29636 --- [AddressBook] [SpringApplicationShutdownHook] o.s.b.f.support.DisposableBeanAdapter    : Invocation of destroy method failed on bean with name 'inMemoryDatabaseShutdownExecutor': org.h2.jdbc.JdbcSQLNonTransientConnectionException: Database is already closed (to disable automatic closing at VM shutdown, add ";DB_CLOSE_ON_EXIT=FALSE" to the db URL) [90121-224]
2025-03-03T12:57:29.428+05:30  INFO 29636 --- [AddressBook] [SpringApplicationShutdownHook] com.zaxxer.hikari.HikariDataSource       : HikariPool-1 - Shutdown initiated...
2025-03-03T12:57:29.431+05:30  INFO 29636 --- [AddressBook] [SpringApplicationShutdownHook] com.zaxxer.hikari.HikariDataSource       : HikariPool-1 - Shutdown completed.
2025-03-03T13:36:28.834+05:30  INFO 15532 --- [AddressBook] [restartedMain] c.t.addressbook.AddressBookApplication   : Starting AddressBookApplication using Java 21.0.6 with PID 15532 (C:\Users\rajgu\OneDrive\Desktop\AddressBook\target\classes started by rajgu in C:\Users\rajgu\OneDrive\Desktop\AddressBook)
2025-03-03T13:36:28.837+05:30 DEBUG 15532 --- [AddressBook] [restartedMain] c.t.addressbook.AddressBookApplication   : Running with Spring Boot v3.2.2, Spring v6.1.3
2025-03-03T13:36:28.838+05:30  INFO 15532 --- [AddressBook] [restartedMain] c.t.addressbook.AddressBookApplication   : The following 1 profile is active: "dev"
2025-03-03T13:36:28.905+05:30  INFO 15532 --- [AddressBook] [restartedMain] .e.DevToolsPropertyDefaultsPostProcessor : Devtools property defaults active! Set 'spring.devtools.add-properties' to 'false' to disable
2025-03-03T13:36:28.905+05:30  INFO 15532 --- [AddressBook] [restartedMain] .e.DevToolsPropertyDefaultsPostProcessor : For additional web related logging consider setting the 'logging.level.web' property to 'DEBUG'
2025-03-03T13:36:29.623+05:30  INFO 15532 --- [AddressBook] [restartedMain] .s.d.r.c.RepositoryConfigurationDelegate : Bootstrapping Spring Data JPA repositories in DEFAULT mode.
2025-03-03T13:36:29.688+05:30  INFO 15532 --- [AddressBook] [restartedMain] .s.d.r.c.RepositoryConfigurationDelegate : Finished Spring Data repository scanning in 55 ms. Found 1 JPA repository interface.
2025-03-03T13:36:30.401+05:30  INFO 15532 --- [AddressBook] [restartedMain] o.s.b.w.embedded.tomcat.TomcatWebServer  : Tomcat initialized with port 8080 (http)
2025-03-03T13:36:30.420+05:30  INFO 15532 --- [AddressBook] [restartedMain] o.apache.catalina.core.StandardService   : Starting service [Tomcat]
2025-03-03T13:36:30.420+05:30  INFO 15532 --- [AddressBook] [restartedMain] o.apache.catalina.core.StandardEngine    : Starting Servlet engine: [Apache Tomcat/10.1.18]
2025-03-03T13:36:30.472+05:30  INFO 15532 --- [AddressBook] [restartedMain] o.a.c.c.C.[Tomcat].[localhost].[/]       : Initializing Spring embedded WebApplicationContext
2025-03-03T13:36:30.472+05:30  INFO 15532 --- [AddressBook] [restartedMain] w.s.c.ServletWebServerApplicationContext : Root WebApplicationContext: initialization completed in 1567 ms
2025-03-03T13:36:30.500+05:30  INFO 15532 --- [AddressBook] [restartedMain] com.zaxxer.hikari.HikariDataSource       : HikariPool-1 - Starting...
2025-03-03T13:36:30.717+05:30  INFO 15532 --- [AddressBook] [restartedMain] com.zaxxer.hikari.pool.HikariPool        : HikariPool-1 - Added connection conn0: url=jdbc:h2:mem:addressbookdb user=ADITYA07
2025-03-03T13:36:30.718+05:30  INFO 15532 --- [AddressBook] [restartedMain] com.zaxxer.hikari.HikariDataSource       : HikariPool-1 - Start completed.
2025-03-03T13:36:30.728+05:30  INFO 15532 --- [AddressBook] [restartedMain] o.s.b.a.h2.H2ConsoleAutoConfiguration    : H2 console available at '/h2-console'. Database available at 'jdbc:h2:mem:addressbookdb'
2025-03-03T13:36:30.972+05:30  INFO 15532 --- [AddressBook] [restartedMain] o.hibernate.jpa.internal.util.LogHelper  : HHH000204: Processing PersistenceUnitInfo [name: default]
2025-03-03T13:36:31.074+05:30  INFO 15532 --- [AddressBook] [restartedMain] org.hibernate.Version                    : HHH000412: Hibernate ORM core version 6.4.1.Final
2025-03-03T13:36:31.129+05:30  INFO 15532 --- [AddressBook] [restartedMain] o.h.c.internal.RegionFactoryInitiator    : HHH000026: Second-level cache disabled
2025-03-03T13:36:31.432+05:30  INFO 15532 --- [AddressBook] [restartedMain] o.s.o.j.p.SpringPersistenceUnitInfo      : No LoadTimeWeaver setup: ignoring JPA class transformer
2025-03-03T13:36:31.505+05:30  WARN 15532 --- [AddressBook] [restartedMain] org.hibernate.orm.deprecation            : HHH90000025: H2Dialect does not need to be specified explicitly using 'hibernate.dialect' (remove the property setting and it will be selected by default)
2025-03-03T13:36:31.650+05:30 ERROR 15532 --- [AddressBook] [restartedMain] j.LocalContainerEntityManagerFactoryBean : Failed to initialize JPA EntityManagerFactory: Entity 'com.tit.addressbook.model.AddressBookEntry' has no identifier (every '@Entity' class must declare or inherit at least one '@Id' or '@EmbeddedId' property)
2025-03-03T13:36:31.650+05:30  WARN 15532 --- [AddressBook] [restartedMain] ConfigServletWebServerApplicationContext : Exception encountered during context initialization - cancelling refresh attempt: org.springframework.beans.factory.BeanCreationException: Error creating bean with name 'entityManagerFactory' defined in class path resource [org/springframework/boot/autoconfigure/orm/jpa/HibernateJpaConfiguration.class]: Entity 'com.tit.addressbook.model.AddressBookEntry' has no identifier (every '@Entity' class must declare or inherit at least one '@Id' or '@EmbeddedId' property)
2025-03-03T13:36:31.657+05:30  WARN 15532 --- [AddressBook] [restartedMain] o.s.b.f.support.DisposableBeanAdapter    : Invocation of destroy method failed on bean with name 'inMemoryDatabaseShutdownExecutor': org.h2.jdbc.JdbcSQLNonTransientConnectionException: Database is already closed (to disable automatic closing at VM shutdown, add ";DB_CLOSE_ON_EXIT=FALSE" to the db URL) [90121-224]
2025-03-03T13:36:31.657+05:30  INFO 15532 --- [AddressBook] [restartedMain] com.zaxxer.hikari.HikariDataSource       : HikariPool-1 - Shutdown initiated...
2025-03-03T13:36:31.660+05:30  INFO 15532 --- [AddressBook] [restartedMain] com.zaxxer.hikari.HikariDataSource       : HikariPool-1 - Shutdown completed.
2025-03-03T13:36:31.662+05:30  INFO 15532 --- [AddressBook] [restartedMain] o.apache.catalina.core.StandardService   : Stopping service [Tomcat]
2025-03-03T13:36:31.674+05:30  INFO 15532 --- [AddressBook] [restartedMain] .s.b.a.l.ConditionEvaluationReportLogger : 

Error starting ApplicationContext. To display the condition evaluation report re-run your application with 'debug' enabled.
2025-03-03T13:36:31.692+05:30 ERROR 15532 --- [AddressBook] [restartedMain] o.s.boot.SpringApplication               : Application run failed

org.springframework.beans.factory.BeanCreationException: Error creating bean with name 'entityManagerFactory' defined in class path resource [org/springframework/boot/autoconfigure/orm/jpa/HibernateJpaConfiguration.class]: Entity 'com.tit.addressbook.model.AddressBookEntry' has no identifier (every '@Entity' class must declare or inherit at least one '@Id' or '@EmbeddedId' property)
	at org.springframework.beans.factory.support.AbstractAutowireCapableBeanFactory.initializeBean(AbstractAutowireCapableBeanFactory.java:1773) ~[spring-beans-6.1.3.jar:6.1.3]
	at org.springframework.beans.factory.support.AbstractAutowireCapableBeanFactory.doCreateBean(AbstractAutowireCapableBeanFactory.java:599) ~[spring-beans-6.1.3.jar:6.1.3]
	at org.springframework.beans.factory.support.AbstractAutowireCapableBeanFactory.createBean(AbstractAutowireCapableBeanFactory.java:521) ~[spring-beans-6.1.3.jar:6.1.3]
	at org.springframework.beans.factory.support.AbstractBeanFactory.lambda$doGetBean$0(AbstractBeanFactory.java:325) ~[spring-beans-6.1.3.jar:6.1.3]
	at org.springframework.beans.factory.support.DefaultSingletonBeanRegistry.getSingleton(DefaultSingletonBeanRegistry.java:234) ~[spring-beans-6.1.3.jar:6.1.3]
	at org.springframework.beans.factory.support.AbstractBeanFactory.doGetBean(AbstractBeanFactory.java:323) ~[spring-beans-6.1.3.jar:6.1.3]
	at org.springframework.beans.factory.support.AbstractBeanFactory.getBean(AbstractBeanFactory.java:199) ~[spring-beans-6.1.3.jar:6.1.3]
	at org.springframework.context.support.AbstractApplicationContext.getBean(AbstractApplicationContext.java:1231) ~[spring-context-6.1.3.jar:6.1.3]
	at org.springframework.context.support.AbstractApplicationContext.finishBeanFactoryInitialization(AbstractApplicationContext.java:949) ~[spring-context-6.1.3.jar:6.1.3]
	at org.springframework.context.support.AbstractApplicationContext.refresh(AbstractApplicationContext.java:624) ~[spring-context-6.1.3.jar:6.1.3]
	at org.springframework.boot.web.servlet.context.ServletWebServerApplicationContext.refresh(ServletWebServerApplicationContext.java:146) ~[spring-boot-3.2.2.jar:3.2.2]
	at org.springframework.boot.SpringApplication.refresh(SpringApplication.java:754) ~[spring-boot-3.2.2.jar:3.2.2]
	at org.springframework.boot.SpringApplication.refreshContext(SpringApplication.java:456) ~[spring-boot-3.2.2.jar:3.2.2]
	at org.springframework.boot.SpringApplication.run(SpringApplication.java:334) ~[spring-boot-3.2.2.jar:3.2.2]
	at org.springframework.boot.SpringApplication.run(SpringApplication.java:1354) ~[spring-boot-3.2.2.jar:3.2.2]
	at org.springframework.boot.SpringApplication.run(SpringApplication.java:1343) ~[spring-boot-3.2.2.jar:3.2.2]
	at com.tit.addressbook.AddressBookApplication.main(AddressBookApplication.java:9) ~[classes/:na]
	at java.base/jdk.internal.reflect.DirectMethodHandleAccessor.invoke(DirectMethodHandleAccessor.java:103) ~[na:na]
	at java.base/java.lang.reflect.Method.invoke(Method.java:580) ~[na:na]
	at org.springframework.boot.devtools.restart.RestartLauncher.run(RestartLauncher.java:50) ~[spring-boot-devtools-3.2.2.jar:3.2.2]
Caused by: org.hibernate.AnnotationException: Entity 'com.tit.addressbook.model.AddressBookEntry' has no identifier (every '@Entity' class must declare or inherit at least one '@Id' or '@EmbeddedId' property)
	at org.hibernate.boot.model.internal.InheritanceState.determineDefaultAccessType(InheritanceState.java:279) ~[hibernate-core-6.4.1.Final.jar:6.4.1.Final]
	at org.hibernate.boot.model.internal.InheritanceState.getElementsToProcess(InheritanceState.java:215) ~[hibernate-core-6.4.1.Final.jar:6.4.1.Final]
	at org.hibernate.boot.model.internal.InheritanceState.postProcess(InheritanceState.java:160) ~[hibernate-core-6.4.1.Final.jar:6.4.1.Final]
	at org.hibernate.boot.model.internal.EntityBinder.handleIdentifier(EntityBinder.java:345) ~[hibernate-core-6.4.1.Final.jar:6.4.1.Final]
	at org.hibernate.boot.model.internal.EntityBinder.bindEntityClass(EntityBinder.java:234) ~[hibernate-core-6.4.1.Final.jar:6.4.1.Final]
	at org.hibernate.boot.model.internal.AnnotationBinder.bindClass(AnnotationBinder.java:423) ~[hibernate-core-6.4.1.Final.jar:6.4.1.Final]
	at org.hibernate.boot.model.source.internal.annotations.AnnotationMetadataSourceProcessorImpl.processEntityHierarchies(AnnotationMetadataSourceProcessorImpl.java:256) ~[hibernate-core-6.4.1.Final.jar:6.4.1.Final]
	at org.hibernate.boot.model.process.spi.MetadataBuildingProcess$1.processEntityHierarchies(MetadataBuildingProcess.java:279) ~[hibernate-core-6.4.1.Final.jar:6.4.1.Final]
	at org.hibernate.boot.model.process.spi.MetadataBuildingProcess.complete(MetadataBuildingProcess.java:322) ~[hibernate-core-6.4.1.Final.jar:6.4.1.Final]
	at org.hibernate.jpa.boot.internal.EntityManagerFactoryBuilderImpl.metadata(EntityManagerFactoryBuilderImpl.java:1432) ~[hibernate-core-6.4.1.Final.jar:6.4.1.Final]
	at org.hibernate.jpa.boot.internal.EntityManagerFactoryBuilderImpl.build(EntityManagerFactoryBuilderImpl.java:1503) ~[hibernate-core-6.4.1.Final.jar:6.4.1.Final]
	at org.springframework.orm.jpa.vendor.SpringHibernateJpaPersistenceProvider.createContainerEntityManagerFactory(SpringHibernateJpaPersistenceProvider.java:75) ~[spring-orm-6.1.3.jar:6.1.3]
	at org.springframework.orm.jpa.LocalContainerEntityManagerFactoryBean.createNativeEntityManagerFactory(LocalContainerEntityManagerFactoryBean.java:376) ~[spring-orm-6.1.3.jar:6.1.3]
	at org.springframework.orm.jpa.AbstractEntityManagerFactoryBean.buildNativeEntityManagerFactory(AbstractEntityManagerFactoryBean.java:409) ~[spring-orm-6.1.3.jar:6.1.3]
	at org.springframework.orm.jpa.AbstractEntityManagerFactoryBean.afterPropertiesSet(AbstractEntityManagerFactoryBean.java:396) ~[spring-orm-6.1.3.jar:6.1.3]
	at org.springframework.orm.jpa.LocalContainerEntityManagerFactoryBean.afterPropertiesSet(LocalContainerEntityManagerFactoryBean.java:352) ~[spring-orm-6.1.3.jar:6.1.3]
	at org.springframework.beans.factory.support.AbstractAutowireCapableBeanFactory.invokeInitMethods(AbstractAutowireCapableBeanFactory.java:1820) ~[spring-beans-6.1.3.jar:6.1.3]
	at org.springframework.beans.factory.support.AbstractAutowireCapableBeanFactory.initializeBean(AbstractAutowireCapableBeanFactory.java:1769) ~[spring-beans-6.1.3.jar:6.1.3]
	... 19 common frames omitted

2025-03-03T13:38:51.622+05:30  INFO 26240 --- [AddressBook] [restartedMain] c.t.addressbook.AddressBookApplication   : Starting AddressBookApplication using Java 21.0.6 with PID 26240 (C:\Users\rajgu\OneDrive\Desktop\AddressBook\target\classes started by rajgu in C:\Users\rajgu\OneDrive\Desktop\AddressBook)
2025-03-03T13:38:51.624+05:30 DEBUG 26240 --- [AddressBook] [restartedMain] c.t.addressbook.AddressBookApplication   : Running with Spring Boot v3.2.2, Spring v6.1.3
2025-03-03T13:38:51.625+05:30  INFO 26240 --- [AddressBook] [restartedMain] c.t.addressbook.AddressBookApplication   : The following 1 profile is active: "dev"
2025-03-03T13:38:51.690+05:30  INFO 26240 --- [AddressBook] [restartedMain] .e.DevToolsPropertyDefaultsPostProcessor : Devtools property defaults active! Set 'spring.devtools.add-properties' to 'false' to disable
2025-03-03T13:38:51.690+05:30  INFO 26240 --- [AddressBook] [restartedMain] .e.DevToolsPropertyDefaultsPostProcessor : For additional web related logging consider setting the 'logging.level.web' property to 'DEBUG'
2025-03-03T13:38:52.391+05:30  INFO 26240 --- [AddressBook] [restartedMain] .s.d.r.c.RepositoryConfigurationDelegate : Bootstrapping Spring Data JPA repositories in DEFAULT mode.
2025-03-03T13:38:52.458+05:30  INFO 26240 --- [AddressBook] [restartedMain] .s.d.r.c.RepositoryConfigurationDelegate : Finished Spring Data repository scanning in 56 ms. Found 1 JPA repository interface.
2025-03-03T13:38:53.095+05:30  INFO 26240 --- [AddressBook] [restartedMain] o.s.b.w.embedded.tomcat.TomcatWebServer  : Tomcat initialized with port 8080 (http)
2025-03-03T13:38:53.109+05:30  INFO 26240 --- [AddressBook] [restartedMain] o.apache.catalina.core.StandardService   : Starting service [Tomcat]
2025-03-03T13:38:53.111+05:30  INFO 26240 --- [AddressBook] [restartedMain] o.apache.catalina.core.StandardEngine    : Starting Servlet engine: [Apache Tomcat/10.1.18]
2025-03-03T13:38:53.166+05:30  INFO 26240 --- [AddressBook] [restartedMain] o.a.c.c.C.[Tomcat].[localhost].[/]       : Initializing Spring embedded WebApplicationContext
2025-03-03T13:38:53.166+05:30  INFO 26240 --- [AddressBook] [restartedMain] w.s.c.ServletWebServerApplicationContext : Root WebApplicationContext: initialization completed in 1475 ms
2025-03-03T13:38:53.195+05:30  INFO 26240 --- [AddressBook] [restartedMain] com.zaxxer.hikari.HikariDataSource       : HikariPool-1 - Starting...
2025-03-03T13:38:53.370+05:30  INFO 26240 --- [AddressBook] [restartedMain] com.zaxxer.hikari.pool.HikariPool        : HikariPool-1 - Added connection conn0: url=jdbc:h2:mem:addressbookdb user=ADITYA07
2025-03-03T13:38:53.378+05:30  INFO 26240 --- [AddressBook] [restartedMain] com.zaxxer.hikari.HikariDataSource       : HikariPool-1 - Start completed.
2025-03-03T13:38:53.387+05:30  INFO 26240 --- [AddressBook] [restartedMain] o.s.b.a.h2.H2ConsoleAutoConfiguration    : H2 console available at '/h2-console'. Database available at 'jdbc:h2:mem:addressbookdb'
2025-03-03T13:38:53.563+05:30  INFO 26240 --- [AddressBook] [restartedMain] o.hibernate.jpa.internal.util.LogHelper  : HHH000204: Processing PersistenceUnitInfo [name: default]
2025-03-03T13:38:53.659+05:30  INFO 26240 --- [AddressBook] [restartedMain] org.hibernate.Version                    : HHH000412: Hibernate ORM core version 6.4.1.Final
2025-03-03T13:38:53.710+05:30  INFO 26240 --- [AddressBook] [restartedMain] o.h.c.internal.RegionFactoryInitiator    : HHH000026: Second-level cache disabled
2025-03-03T13:38:54.018+05:30  INFO 26240 --- [AddressBook] [restartedMain] o.s.o.j.p.SpringPersistenceUnitInfo      : No LoadTimeWeaver setup: ignoring JPA class transformer
2025-03-03T13:38:54.065+05:30  WARN 26240 --- [AddressBook] [restartedMain] org.hibernate.orm.deprecation            : HHH90000025: H2Dialect does not need to be specified explicitly using 'hibernate.dialect' (remove the property setting and it will be selected by default)
2025-03-03T13:38:54.176+05:30 ERROR 26240 --- [AddressBook] [restartedMain] j.LocalContainerEntityManagerFactoryBean : Failed to initialize JPA EntityManagerFactory: Entity 'com.tit.addressbook.model.AddressBookEntry' has no identifier (every '@Entity' class must declare or inherit at least one '@Id' or '@EmbeddedId' property)
2025-03-03T13:38:54.177+05:30  WARN 26240 --- [AddressBook] [restartedMain] ConfigServletWebServerApplicationContext : Exception encountered during context initialization - cancelling refresh attempt: org.springframework.beans.factory.BeanCreationException: Error creating bean with name 'entityManagerFactory' defined in class path resource [org/springframework/boot/autoconfigure/orm/jpa/HibernateJpaConfiguration.class]: Entity 'com.tit.addressbook.model.AddressBookEntry' has no identifier (every '@Entity' class must declare or inherit at least one '@Id' or '@EmbeddedId' property)
2025-03-03T13:38:54.185+05:30  WARN 26240 --- [AddressBook] [restartedMain] o.s.b.f.support.DisposableBeanAdapter    : Invocation of destroy method failed on bean with name 'inMemoryDatabaseShutdownExecutor': org.h2.jdbc.JdbcSQLNonTransientConnectionException: Database is already closed (to disable automatic closing at VM shutdown, add ";DB_CLOSE_ON_EXIT=FALSE" to the db URL) [90121-224]
2025-03-03T13:38:54.185+05:30  INFO 26240 --- [AddressBook] [restartedMain] com.zaxxer.hikari.HikariDataSource       : HikariPool-1 - Shutdown initiated...
2025-03-03T13:38:54.188+05:30  INFO 26240 --- [AddressBook] [restartedMain] com.zaxxer.hikari.HikariDataSource       : HikariPool-1 - Shutdown completed.
2025-03-03T13:38:54.191+05:30  INFO 26240 --- [AddressBook] [restartedMain] o.apache.catalina.core.StandardService   : Stopping service [Tomcat]
2025-03-03T13:38:54.203+05:30  INFO 26240 --- [AddressBook] [restartedMain] .s.b.a.l.ConditionEvaluationReportLogger : 

Error starting ApplicationContext. To display the condition evaluation report re-run your application with 'debug' enabled.
2025-03-03T13:38:54.224+05:30 ERROR 26240 --- [AddressBook] [restartedMain] o.s.boot.SpringApplication               : Application run failed

org.springframework.beans.factory.BeanCreationException: Error creating bean with name 'entityManagerFactory' defined in class path resource [org/springframework/boot/autoconfigure/orm/jpa/HibernateJpaConfiguration.class]: Entity 'com.tit.addressbook.model.AddressBookEntry' has no identifier (every '@Entity' class must declare or inherit at least one '@Id' or '@EmbeddedId' property)
	at org.springframework.beans.factory.support.AbstractAutowireCapableBeanFactory.initializeBean(AbstractAutowireCapableBeanFactory.java:1773) ~[spring-beans-6.1.3.jar:6.1.3]
	at org.springframework.beans.factory.support.AbstractAutowireCapableBeanFactory.doCreateBean(AbstractAutowireCapableBeanFactory.java:599) ~[spring-beans-6.1.3.jar:6.1.3]
	at org.springframework.beans.factory.support.AbstractAutowireCapableBeanFactory.createBean(AbstractAutowireCapableBeanFactory.java:521) ~[spring-beans-6.1.3.jar:6.1.3]
	at org.springframework.beans.factory.support.AbstractBeanFactory.lambda$doGetBean$0(AbstractBeanFactory.java:325) ~[spring-beans-6.1.3.jar:6.1.3]
	at org.springframework.beans.factory.support.DefaultSingletonBeanRegistry.getSingleton(DefaultSingletonBeanRegistry.java:234) ~[spring-beans-6.1.3.jar:6.1.3]
	at org.springframework.beans.factory.support.AbstractBeanFactory.doGetBean(AbstractBeanFactory.java:323) ~[spring-beans-6.1.3.jar:6.1.3]
	at org.springframework.beans.factory.support.AbstractBeanFactory.getBean(AbstractBeanFactory.java:199) ~[spring-beans-6.1.3.jar:6.1.3]
	at org.springframework.context.support.AbstractApplicationContext.getBean(AbstractApplicationContext.java:1231) ~[spring-context-6.1.3.jar:6.1.3]
	at org.springframework.context.support.AbstractApplicationContext.finishBeanFactoryInitialization(AbstractApplicationContext.java:949) ~[spring-context-6.1.3.jar:6.1.3]
	at org.springframework.context.support.AbstractApplicationContext.refresh(AbstractApplicationContext.java:624) ~[spring-context-6.1.3.jar:6.1.3]
	at org.springframework.boot.web.servlet.context.ServletWebServerApplicationContext.refresh(ServletWebServerApplicationContext.java:146) ~[spring-boot-3.2.2.jar:3.2.2]
	at org.springframework.boot.SpringApplication.refresh(SpringApplication.java:754) ~[spring-boot-3.2.2.jar:3.2.2]
	at org.springframework.boot.SpringApplication.refreshContext(SpringApplication.java:456) ~[spring-boot-3.2.2.jar:3.2.2]
	at org.springframework.boot.SpringApplication.run(SpringApplication.java:334) ~[spring-boot-3.2.2.jar:3.2.2]
	at org.springframework.boot.SpringApplication.run(SpringApplication.java:1354) ~[spring-boot-3.2.2.jar:3.2.2]
	at org.springframework.boot.SpringApplication.run(SpringApplication.java:1343) ~[spring-boot-3.2.2.jar:3.2.2]
	at com.tit.addressbook.AddressBookApplication.main(AddressBookApplication.java:9) ~[classes/:na]
	at java.base/jdk.internal.reflect.DirectMethodHandleAccessor.invoke(DirectMethodHandleAccessor.java:103) ~[na:na]
	at java.base/java.lang.reflect.Method.invoke(Method.java:580) ~[na:na]
	at org.springframework.boot.devtools.restart.RestartLauncher.run(RestartLauncher.java:50) ~[spring-boot-devtools-3.2.2.jar:3.2.2]
Caused by: org.hibernate.AnnotationException: Entity 'com.tit.addressbook.model.AddressBookEntry' has no identifier (every '@Entity' class must declare or inherit at least one '@Id' or '@EmbeddedId' property)
	at org.hibernate.boot.model.internal.InheritanceState.determineDefaultAccessType(InheritanceState.java:279) ~[hibernate-core-6.4.1.Final.jar:6.4.1.Final]
	at org.hibernate.boot.model.internal.InheritanceState.getElementsToProcess(InheritanceState.java:215) ~[hibernate-core-6.4.1.Final.jar:6.4.1.Final]
	at org.hibernate.boot.model.internal.InheritanceState.postProcess(InheritanceState.java:160) ~[hibernate-core-6.4.1.Final.jar:6.4.1.Final]
	at org.hibernate.boot.model.internal.EntityBinder.handleIdentifier(EntityBinder.java:345) ~[hibernate-core-6.4.1.Final.jar:6.4.1.Final]
	at org.hibernate.boot.model.internal.EntityBinder.bindEntityClass(EntityBinder.java:234) ~[hibernate-core-6.4.1.Final.jar:6.4.1.Final]
	at org.hibernate.boot.model.internal.AnnotationBinder.bindClass(AnnotationBinder.java:423) ~[hibernate-core-6.4.1.Final.jar:6.4.1.Final]
	at org.hibernate.boot.model.source.internal.annotations.AnnotationMetadataSourceProcessorImpl.processEntityHierarchies(AnnotationMetadataSourceProcessorImpl.java:256) ~[hibernate-core-6.4.1.Final.jar:6.4.1.Final]
	at org.hibernate.boot.model.process.spi.MetadataBuildingProcess$1.processEntityHierarchies(MetadataBuildingProcess.java:279) ~[hibernate-core-6.4.1.Final.jar:6.4.1.Final]
	at org.hibernate.boot.model.process.spi.MetadataBuildingProcess.complete(MetadataBuildingProcess.java:322) ~[hibernate-core-6.4.1.Final.jar:6.4.1.Final]
	at org.hibernate.jpa.boot.internal.EntityManagerFactoryBuilderImpl.metadata(EntityManagerFactoryBuilderImpl.java:1432) ~[hibernate-core-6.4.1.Final.jar:6.4.1.Final]
	at org.hibernate.jpa.boot.internal.EntityManagerFactoryBuilderImpl.build(EntityManagerFactoryBuilderImpl.java:1503) ~[hibernate-core-6.4.1.Final.jar:6.4.1.Final]
	at org.springframework.orm.jpa.vendor.SpringHibernateJpaPersistenceProvider.createContainerEntityManagerFactory(SpringHibernateJpaPersistenceProvider.java:75) ~[spring-orm-6.1.3.jar:6.1.3]
	at org.springframework.orm.jpa.LocalContainerEntityManagerFactoryBean.createNativeEntityManagerFactory(LocalContainerEntityManagerFactoryBean.java:376) ~[spring-orm-6.1.3.jar:6.1.3]
	at org.springframework.orm.jpa.AbstractEntityManagerFactoryBean.buildNativeEntityManagerFactory(AbstractEntityManagerFactoryBean.java:409) ~[spring-orm-6.1.3.jar:6.1.3]
	at org.springframework.orm.jpa.AbstractEntityManagerFactoryBean.afterPropertiesSet(AbstractEntityManagerFactoryBean.java:396) ~[spring-orm-6.1.3.jar:6.1.3]
	at org.springframework.orm.jpa.LocalContainerEntityManagerFactoryBean.afterPropertiesSet(LocalContainerEntityManagerFactoryBean.java:352) ~[spring-orm-6.1.3.jar:6.1.3]
	at org.springframework.beans.factory.support.AbstractAutowireCapableBeanFactory.invokeInitMethods(AbstractAutowireCapableBeanFactory.java:1820) ~[spring-beans-6.1.3.jar:6.1.3]
	at org.springframework.beans.factory.support.AbstractAutowireCapableBeanFactory.initializeBean(AbstractAutowireCapableBeanFactory.java:1769) ~[spring-beans-6.1.3.jar:6.1.3]
	... 19 common frames omitted

2025-03-03T13:43:22.785+05:30  INFO 9708 --- [AddressBook] [restartedMain] c.t.addressbook.AddressBookApplication   : Starting AddressBookApplication using Java 21.0.6 with PID 9708 (C:\Users\rajgu\OneDrive\Desktop\AddressBook\target\classes started by rajgu in C:\Users\rajgu\OneDrive\Desktop\AddressBook)
2025-03-03T13:43:22.787+05:30 DEBUG 9708 --- [AddressBook] [restartedMain] c.t.addressbook.AddressBookApplication   : Running with Spring Boot v3.2.2, Spring v6.1.3
2025-03-03T13:43:22.787+05:30  INFO 9708 --- [AddressBook] [restartedMain] c.t.addressbook.AddressBookApplication   : The following 1 profile is active: "dev"
2025-03-03T13:43:22.844+05:30  INFO 9708 --- [AddressBook] [restartedMain] .e.DevToolsPropertyDefaultsPostProcessor : Devtools property defaults active! Set 'spring.devtools.add-properties' to 'false' to disable
2025-03-03T13:43:22.845+05:30  INFO 9708 --- [AddressBook] [restartedMain] .e.DevToolsPropertyDefaultsPostProcessor : For additional web related logging consider setting the 'logging.level.web' property to 'DEBUG'
2025-03-03T13:43:23.573+05:30  INFO 9708 --- [AddressBook] [restartedMain] .s.d.r.c.RepositoryConfigurationDelegate : Bootstrapping Spring Data JPA repositories in DEFAULT mode.
2025-03-03T13:43:23.630+05:30  INFO 9708 --- [AddressBook] [restartedMain] .s.d.r.c.RepositoryConfigurationDelegate : Finished Spring Data repository scanning in 48 ms. Found 1 JPA repository interface.
2025-03-03T13:43:24.206+05:30  INFO 9708 --- [AddressBook] [restartedMain] o.s.b.w.embedded.tomcat.TomcatWebServer  : Tomcat initialized with port 8080 (http)
2025-03-03T13:43:24.222+05:30  INFO 9708 --- [AddressBook] [restartedMain] o.apache.catalina.core.StandardService   : Starting service [Tomcat]
2025-03-03T13:43:24.223+05:30  INFO 9708 --- [AddressBook] [restartedMain] o.apache.catalina.core.StandardEngine    : Starting Servlet engine: [Apache Tomcat/10.1.18]
2025-03-03T13:43:24.272+05:30  INFO 9708 --- [AddressBook] [restartedMain] o.a.c.c.C.[Tomcat].[localhost].[/]       : Initializing Spring embedded WebApplicationContext
2025-03-03T13:43:24.272+05:30  INFO 9708 --- [AddressBook] [restartedMain] w.s.c.ServletWebServerApplicationContext : Root WebApplicationContext: initialization completed in 1427 ms
2025-03-03T13:43:24.300+05:30  INFO 9708 --- [AddressBook] [restartedMain] com.zaxxer.hikari.HikariDataSource       : HikariPool-1 - Starting...
2025-03-03T13:43:24.459+05:30  INFO 9708 --- [AddressBook] [restartedMain] com.zaxxer.hikari.pool.HikariPool        : HikariPool-1 - Added connection conn0: url=jdbc:h2:mem:addressbookdb user=ADITYA07
2025-03-03T13:43:24.468+05:30  INFO 9708 --- [AddressBook] [restartedMain] com.zaxxer.hikari.HikariDataSource       : HikariPool-1 - Start completed.
2025-03-03T13:43:24.480+05:30  INFO 9708 --- [AddressBook] [restartedMain] o.s.b.a.h2.H2ConsoleAutoConfiguration    : H2 console available at '/h2-console'. Database available at 'jdbc:h2:mem:addressbookdb'
2025-03-03T13:43:24.661+05:30  INFO 9708 --- [AddressBook] [restartedMain] o.hibernate.jpa.internal.util.LogHelper  : HHH000204: Processing PersistenceUnitInfo [name: default]
2025-03-03T13:43:24.745+05:30  INFO 9708 --- [AddressBook] [restartedMain] org.hibernate.Version                    : HHH000412: Hibernate ORM core version 6.4.1.Final
2025-03-03T13:43:24.784+05:30  INFO 9708 --- [AddressBook] [restartedMain] o.h.c.internal.RegionFactoryInitiator    : HHH000026: Second-level cache disabled
2025-03-03T13:43:24.991+05:30  INFO 9708 --- [AddressBook] [restartedMain] o.s.o.j.p.SpringPersistenceUnitInfo      : No LoadTimeWeaver setup: ignoring JPA class transformer
2025-03-03T13:43:25.032+05:30  WARN 9708 --- [AddressBook] [restartedMain] org.hibernate.orm.deprecation            : HHH90000025: H2Dialect does not need to be specified explicitly using 'hibernate.dialect' (remove the property setting and it will be selected by default)
2025-03-03T13:43:25.722+05:30  INFO 9708 --- [AddressBook] [restartedMain] o.h.e.t.j.p.i.JtaPlatformInitiator       : HHH000489: No JTA platform available (set 'hibernate.transaction.jta.platform' to enable JTA platform integration)
2025-03-03T13:43:25.753+05:30  INFO 9708 --- [AddressBook] [restartedMain] j.LocalContainerEntityManagerFactoryBean : Initialized JPA EntityManagerFactory for persistence unit 'default'
2025-03-03T13:43:26.023+05:30  WARN 9708 --- [AddressBook] [restartedMain] JpaBaseConfiguration$JpaWebConfiguration : spring.jpa.open-in-view is enabled by default. Therefore, database queries may be performed during view rendering. Explicitly configure spring.jpa.open-in-view to disable this warning
2025-03-03T13:43:26.339+05:30  INFO 9708 --- [AddressBook] [restartedMain] o.s.b.d.a.OptionalLiveReloadServer       : LiveReload server is running on port 35729
2025-03-03T13:43:26.370+05:30  INFO 9708 --- [AddressBook] [restartedMain] o.s.b.w.embedded.tomcat.TomcatWebServer  : Tomcat started on port 8080 (http) with context path ''
2025-03-03T13:43:26.377+05:30  INFO 9708 --- [AddressBook] [restartedMain] c.t.addressbook.AddressBookApplication   : Started AddressBookApplication in 4.031 seconds (process running for 4.507)
2025-03-03T13:43:32.389+05:30  INFO 9708 --- [AddressBook] [http-nio-8080-exec-1] o.a.c.c.C.[Tomcat].[localhost].[/]       : Initializing Spring DispatcherServlet 'dispatcherServlet'
2025-03-03T13:43:32.389+05:30  INFO 9708 --- [AddressBook] [http-nio-8080-exec-1] o.s.web.servlet.DispatcherServlet        : Initializing Servlet 'dispatcherServlet'
2025-03-03T13:43:32.389+05:30  INFO 9708 --- [AddressBook] [http-nio-8080-exec-1] o.s.web.servlet.DispatcherServlet        : Completed initialization in 0 ms
2025-03-03T13:43:32.533+05:30  INFO 9708 --- [AddressBook] [http-nio-8080-exec-1] c.t.a.service.AddressBookService         : New entry created with ID: 1
2025-03-03T13:43:54.291+05:30  INFO 9708 --- [AddressBook] [http-nio-8080-exec-2] c.t.a.service.AddressBookService         : New entry created with ID: 2
2025-03-03T13:43:57.773+05:30  INFO 9708 --- [AddressBook] [http-nio-8080-exec-6] c.t.a.service.AddressBookService         : Fetching all address book entries.
2025-03-03T13:44:03.308+05:30  INFO 9708 --- [AddressBook] [SpringApplicationShutdownHook] j.LocalContainerEntityManagerFactoryBean : Closing JPA EntityManagerFactory for persistence unit 'default'
2025-03-03T13:44:03.314+05:30  WARN 9708 --- [AddressBook] [SpringApplicationShutdownHook] o.s.b.f.support.DisposableBeanAdapter    : Invocation of destroy method failed on bean with name 'inMemoryDatabaseShutdownExecutor': org.h2.jdbc.JdbcSQLNonTransientConnectionException: Database is already closed (to disable automatic closing at VM shutdown, add ";DB_CLOSE_ON_EXIT=FALSE" to the db URL) [90121-224]
2025-03-03T13:44:03.314+05:30  INFO 9708 --- [AddressBook] [SpringApplicationShutdownHook] com.zaxxer.hikari.HikariDataSource       : HikariPool-1 - Shutdown initiated...
2025-03-03T13:44:03.316+05:30  INFO 9708 --- [AddressBook] [SpringApplicationShutdownHook] com.zaxxer.hikari.HikariDataSource       : HikariPool-1 - Shutdown completed.
2025-03-03T15:13:24.435+05:30  INFO 7764 --- [AddressBook] [restartedMain] c.t.addressbook.AddressBookApplication   : Starting AddressBookApplication using Java 21.0.6 with PID 7764 (C:\Users\rajgu\OneDrive\Desktop\AddressBook\target\classes started by rajgu in C:\Users\rajgu\OneDrive\Desktop\AddressBook)
2025-03-03T15:13:24.436+05:30 DEBUG 7764 --- [AddressBook] [restartedMain] c.t.addressbook.AddressBookApplication   : Running with Spring Boot v3.2.2, Spring v6.1.3
2025-03-03T15:13:24.437+05:30  INFO 7764 --- [AddressBook] [restartedMain] c.t.addressbook.AddressBookApplication   : The following 1 profile is active: "dev"
2025-03-03T15:13:24.492+05:30  INFO 7764 --- [AddressBook] [restartedMain] .e.DevToolsPropertyDefaultsPostProcessor : Devtools property defaults active! Set 'spring.devtools.add-properties' to 'false' to disable
2025-03-03T15:13:24.492+05:30  INFO 7764 --- [AddressBook] [restartedMain] .e.DevToolsPropertyDefaultsPostProcessor : For additional web related logging consider setting the 'logging.level.web' property to 'DEBUG'
2025-03-03T15:13:25.213+05:30  INFO 7764 --- [AddressBook] [restartedMain] .s.d.r.c.RepositoryConfigurationDelegate : Bootstrapping Spring Data JPA repositories in DEFAULT mode.
2025-03-03T15:13:25.271+05:30  INFO 7764 --- [AddressBook] [restartedMain] .s.d.r.c.RepositoryConfigurationDelegate : Finished Spring Data repository scanning in 50 ms. Found 1 JPA repository interface.
2025-03-03T15:13:25.863+05:30  INFO 7764 --- [AddressBook] [restartedMain] o.s.b.w.embedded.tomcat.TomcatWebServer  : Tomcat initialized with port 8080 (http)
2025-03-03T15:13:25.877+05:30  INFO 7764 --- [AddressBook] [restartedMain] o.apache.catalina.core.StandardService   : Starting service [Tomcat]
2025-03-03T15:13:25.877+05:30  INFO 7764 --- [AddressBook] [restartedMain] o.apache.catalina.core.StandardEngine    : Starting Servlet engine: [Apache Tomcat/10.1.18]
2025-03-03T15:13:25.927+05:30  INFO 7764 --- [AddressBook] [restartedMain] o.a.c.c.C.[Tomcat].[localhost].[/]       : Initializing Spring embedded WebApplicationContext
2025-03-03T15:13:25.927+05:30  INFO 7764 --- [AddressBook] [restartedMain] w.s.c.ServletWebServerApplicationContext : Root WebApplicationContext: initialization completed in 1435 ms
2025-03-03T15:13:25.950+05:30  INFO 7764 --- [AddressBook] [restartedMain] com.zaxxer.hikari.HikariDataSource       : HikariPool-1 - Starting...
2025-03-03T15:13:26.131+05:30  INFO 7764 --- [AddressBook] [restartedMain] com.zaxxer.hikari.pool.HikariPool        : HikariPool-1 - Added connection conn0: url=jdbc:h2:mem:addressbookdb user=ADITYA07
2025-03-03T15:13:26.139+05:30  INFO 7764 --- [AddressBook] [restartedMain] com.zaxxer.hikari.HikariDataSource       : HikariPool-1 - Start completed.
2025-03-03T15:13:26.147+05:30  INFO 7764 --- [AddressBook] [restartedMain] o.s.b.a.h2.H2ConsoleAutoConfiguration    : H2 console available at '/h2-console'. Database available at 'jdbc:h2:mem:addressbookdb'
2025-03-03T15:13:26.284+05:30  INFO 7764 --- [AddressBook] [restartedMain] o.hibernate.jpa.internal.util.LogHelper  : HHH000204: Processing PersistenceUnitInfo [name: default]
2025-03-03T15:13:26.370+05:30  INFO 7764 --- [AddressBook] [restartedMain] org.hibernate.Version                    : HHH000412: Hibernate ORM core version 6.4.1.Final
2025-03-03T15:13:26.417+05:30  INFO 7764 --- [AddressBook] [restartedMain] o.h.c.internal.RegionFactoryInitiator    : HHH000026: Second-level cache disabled
2025-03-03T15:13:26.670+05:30  INFO 7764 --- [AddressBook] [restartedMain] o.s.o.j.p.SpringPersistenceUnitInfo      : No LoadTimeWeaver setup: ignoring JPA class transformer
2025-03-03T15:13:26.723+05:30  WARN 7764 --- [AddressBook] [restartedMain] org.hibernate.orm.deprecation            : HHH90000025: H2Dialect does not need to be specified explicitly using 'hibernate.dialect' (remove the property setting and it will be selected by default)
2025-03-03T15:13:27.378+05:30  INFO 7764 --- [AddressBook] [restartedMain] o.h.e.t.j.p.i.JtaPlatformInitiator       : HHH000489: No JTA platform available (set 'hibernate.transaction.jta.platform' to enable JTA platform integration)
2025-03-03T15:13:27.408+05:30  INFO 7764 --- [AddressBook] [restartedMain] j.LocalContainerEntityManagerFactoryBean : Initialized JPA EntityManagerFactory for persistence unit 'default'
2025-03-03T15:13:27.672+05:30  WARN 7764 --- [AddressBook] [restartedMain] JpaBaseConfiguration$JpaWebConfiguration : spring.jpa.open-in-view is enabled by default. Therefore, database queries may be performed during view rendering. Explicitly configure spring.jpa.open-in-view to disable this warning
2025-03-03T15:13:27.995+05:30  INFO 7764 --- [AddressBook] [restartedMain] o.s.b.d.a.OptionalLiveReloadServer       : LiveReload server is running on port 35729
2025-03-03T15:13:28.030+05:30  INFO 7764 --- [AddressBook] [restartedMain] o.s.b.w.embedded.tomcat.TomcatWebServer  : Tomcat started on port 8080 (http) with context path ''
2025-03-03T15:13:28.038+05:30  INFO 7764 --- [AddressBook] [restartedMain] c.t.addressbook.AddressBookApplication   : Started AddressBookApplication in 4.045 seconds (process running for 5.335)
2025-03-03T15:15:27.288+05:30  INFO 7764 --- [AddressBook] [http-nio-8080-exec-2] o.a.c.c.C.[Tomcat].[localhost].[/]       : Initializing Spring DispatcherServlet 'dispatcherServlet'
2025-03-03T15:15:27.289+05:30  INFO 7764 --- [AddressBook] [http-nio-8080-exec-2] o.s.web.servlet.DispatcherServlet        : Initializing Servlet 'dispatcherServlet'
2025-03-03T15:15:27.290+05:30  INFO 7764 --- [AddressBook] [http-nio-8080-exec-2] o.s.web.servlet.DispatcherServlet        : Completed initialization in 1 ms
2025-03-03T15:15:27.422+05:30  INFO 7764 --- [AddressBook] [http-nio-8080-exec-2] c.t.a.service.AddressBookService         : New entry created with ID: 1
2025-03-03T15:15:32.031+05:30  INFO 7764 --- [AddressBook] [http-nio-8080-exec-3] c.t.a.service.AddressBookService         : Fetching all address book entries.
2025-03-03T15:16:41.426+05:30  INFO 7764 --- [AddressBook] [http-nio-8080-exec-7] c.t.a.service.AddressBookService         : New entry created with ID: 2
2025-03-03T15:16:46.249+05:30  INFO 7764 --- [AddressBook] [http-nio-8080-exec-6] c.t.a.service.AddressBookService         : Fetching all address book entries.
2025-03-03T15:17:58.234+05:30  INFO 7764 --- [AddressBook] [SpringApplicationShutdownHook] j.LocalContainerEntityManagerFactoryBean : Closing JPA EntityManagerFactory for persistence unit 'default'
2025-03-03T15:17:58.241+05:30  WARN 7764 --- [AddressBook] [SpringApplicationShutdownHook] o.s.b.f.support.DisposableBeanAdapter    : Invocation of destroy method failed on bean with name 'inMemoryDatabaseShutdownExecutor': org.h2.jdbc.JdbcSQLNonTransientConnectionException: Database is already closed (to disable automatic closing at VM shutdown, add ";DB_CLOSE_ON_EXIT=FALSE" to the db URL) [90121-224]
2025-03-03T15:17:58.242+05:30  INFO 7764 --- [AddressBook] [SpringApplicationShutdownHook] com.zaxxer.hikari.HikariDataSource       : HikariPool-1 - Shutdown initiated...
2025-03-03T15:17:58.243+05:30  INFO 7764 --- [AddressBook] [SpringApplicationShutdownHook] com.zaxxer.hikari.HikariDataSource       : HikariPool-1 - Shutdown completed.
